mode: atomic
github.com/SOAT-Project/hackaton-soat-processor/internal/application/domain/video_process.go:20.67,26.2 1 2
github.com/SOAT-Project/hackaton-soat-processor/internal/application/domain/video_process.go:28.65,30.20 2 3
github.com/SOAT-Project/hackaton-soat-processor/internal/application/domain/video_process.go:30.20,32.3 1 2
github.com/SOAT-Project/hackaton-soat-processor/internal/application/domain/video_process.go:33.2,36.3 1 3
github.com/SOAT-Project/hackaton-soat-processor/internal/application/usecase/process_video_usecase.go:33.24,41.2 1 12
github.com/SOAT-Project/hackaton-soat-processor/internal/application/usecase/process_video_usecase.go:43.96,61.52 7 10
github.com/SOAT-Project/hackaton-soat-processor/internal/application/usecase/process_video_usecase.go:61.52,66.3 4 2
github.com/SOAT-Project/hackaton-soat-processor/internal/application/usecase/process_video_usecase.go:68.2,69.16 2 8
github.com/SOAT-Project/hackaton-soat-processor/internal/application/usecase/process_video_usecase.go:69.16,75.3 5 2
github.com/SOAT-Project/hackaton-soat-processor/internal/application/usecase/process_video_usecase.go:76.2,79.49 2 6
github.com/SOAT-Project/hackaton-soat-processor/internal/application/usecase/process_video_usecase.go:79.49,82.3 2 6
github.com/SOAT-Project/hackaton-soat-processor/internal/application/usecase/process_video_usecase.go:84.2,85.16 2 6
github.com/SOAT-Project/hackaton-soat-processor/internal/application/usecase/process_video_usecase.go:85.16,91.3 5 1
github.com/SOAT-Project/hackaton-soat-processor/internal/application/usecase/process_video_usecase.go:92.2,97.47 3 5
github.com/SOAT-Project/hackaton-soat-processor/internal/application/usecase/process_video_usecase.go:97.47,100.3 2 4
github.com/SOAT-Project/hackaton-soat-processor/internal/application/usecase/process_video_usecase.go:102.2,103.62 2 5
github.com/SOAT-Project/hackaton-soat-processor/internal/application/usecase/process_video_usecase.go:103.62,109.3 5 2
github.com/SOAT-Project/hackaton-soat-processor/internal/application/usecase/process_video_usecase.go:111.2,113.61 2 3
github.com/SOAT-Project/hackaton-soat-processor/internal/application/usecase/process_video_usecase.go:113.61,115.3 1 1
github.com/SOAT-Project/hackaton-soat-processor/internal/application/usecase/process_video_usecase.go:115.8,117.3 1 2
github.com/SOAT-Project/hackaton-soat-processor/internal/application/usecase/process_video_usecase.go:119.2,131.43 7 3
github.com/SOAT-Project/hackaton-soat-processor/internal/application/usecase/process_video_usecase.go:134.83,135.29 1 15
github.com/SOAT-Project/hackaton-soat-processor/internal/application/usecase/process_video_usecase.go:135.29,137.3 1 3
github.com/SOAT-Project/hackaton-soat-processor/internal/application/usecase/process_video_usecase.go:138.2,138.31 1 12
github.com/SOAT-Project/hackaton-soat-processor/internal/application/usecase/process_video_usecase.go:138.31,140.3 1 1
github.com/SOAT-Project/hackaton-soat-processor/internal/application/usecase/process_video_usecase.go:141.2,141.28 1 11
github.com/SOAT-Project/hackaton-soat-processor/internal/application/usecase/process_video_usecase.go:141.28,143.3 1 1
github.com/SOAT-Project/hackaton-soat-processor/internal/application/usecase/process_video_usecase.go:145.2,145.41 1 10
github.com/SOAT-Project/hackaton-soat-processor/internal/application/usecase/process_video_usecase.go:145.41,147.3 1 1
github.com/SOAT-Project/hackaton-soat-processor/internal/application/usecase/process_video_usecase.go:149.2,149.12 1 9
github.com/SOAT-Project/hackaton-soat-processor/internal/application/usecase/process_video_usecase.go:152.112,160.16 4 8
github.com/SOAT-Project/hackaton-soat-processor/internal/application/usecase/process_video_usecase.go:160.16,163.3 2 1
github.com/SOAT-Project/hackaton-soat-processor/internal/application/usecase/process_video_usecase.go:164.2,169.51 4 7
github.com/SOAT-Project/hackaton-soat-processor/internal/application/usecase/process_video_usecase.go:169.51,171.3 1 0
github.com/SOAT-Project/hackaton-soat-processor/internal/application/usecase/process_video_usecase.go:173.2,177.16 4 7
github.com/SOAT-Project/hackaton-soat-processor/internal/application/usecase/process_video_usecase.go:177.16,179.3 1 0
github.com/SOAT-Project/hackaton-soat-processor/internal/application/usecase/process_video_usecase.go:180.2,183.16 3 7
github.com/SOAT-Project/hackaton-soat-processor/internal/application/usecase/process_video_usecase.go:183.16,186.3 2 1
github.com/SOAT-Project/hackaton-soat-processor/internal/application/usecase/process_video_usecase.go:188.2,189.22 2 6
github.com/SOAT-Project/hackaton-soat-processor/internal/application/usecase/process_video_usecase.go:192.96,200.16 4 5
github.com/SOAT-Project/hackaton-soat-processor/internal/application/usecase/process_video_usecase.go:200.16,202.3 1 1
github.com/SOAT-Project/hackaton-soat-processor/internal/application/usecase/process_video_usecase.go:203.2,206.16 3 4
github.com/SOAT-Project/hackaton-soat-processor/internal/application/usecase/process_video_usecase.go:206.16,209.3 2 1
github.com/SOAT-Project/hackaton-soat-processor/internal/application/usecase/process_video_usecase.go:211.2,212.12 2 3
github.com/SOAT-Project/hackaton-soat-processor/internal/application/usecase/process_video_usecase.go:215.108,223.16 4 3
github.com/SOAT-Project/hackaton-soat-processor/internal/application/usecase/process_video_usecase.go:223.16,226.3 2 1
github.com/SOAT-Project/hackaton-soat-processor/internal/application/usecase/process_video_usecase.go:228.2,229.12 2 2
github.com/SOAT-Project/hackaton-soat-processor/internal/application/usecase/process_video_usecase.go:232.108,241.16 5 3
github.com/SOAT-Project/hackaton-soat-processor/internal/application/usecase/process_video_usecase.go:241.16,243.3 1 0
github.com/SOAT-Project/hackaton-soat-processor/internal/application/usecase/process_video_usecase.go:245.2,246.16 2 3
github.com/SOAT-Project/hackaton-soat-processor/internal/application/usecase/process_video_usecase.go:246.16,249.3 2 1
github.com/SOAT-Project/hackaton-soat-processor/internal/application/usecase/process_video_usecase.go:251.2,253.12 3 2
github.com/SOAT-Project/hackaton-soat-processor/internal/application/usecase/process_video_usecase.go:256.106,265.16 5 7
github.com/SOAT-Project/hackaton-soat-processor/internal/application/usecase/process_video_usecase.go:265.16,268.3 2 0
github.com/SOAT-Project/hackaton-soat-processor/internal/application/usecase/process_video_usecase.go:270.2,271.16 2 7
github.com/SOAT-Project/hackaton-soat-processor/internal/application/usecase/process_video_usecase.go:271.16,275.3 3 0
github.com/SOAT-Project/hackaton-soat-processor/internal/application/usecase/process_video_usecase.go:277.2,279.21 3 7
github.com/SOAT-Project/hackaton-soat-processor/internal/application/usecase/process_video_usecase.go:282.45,286.37 3 21
github.com/SOAT-Project/hackaton-soat-processor/internal/application/usecase/process_video_usecase.go:286.37,287.22 1 72
github.com/SOAT-Project/hackaton-soat-processor/internal/application/usecase/process_video_usecase.go:287.22,289.4 1 16
github.com/SOAT-Project/hackaton-soat-processor/internal/application/usecase/process_video_usecase.go:291.2,291.14 1 5
github.com/SOAT-Project/hackaton-soat-processor/internal/adapter/ffmpeg_processor.go:19.70,20.19 1 6
github.com/SOAT-Project/hackaton-soat-processor/internal/adapter/ffmpeg_processor.go:20.19,22.3 1 2
github.com/SOAT-Project/hackaton-soat-processor/internal/adapter/ffmpeg_processor.go:24.2,27.3 2 6
github.com/SOAT-Project/hackaton-soat-processor/internal/adapter/ffmpeg_processor.go:30.105,32.54 2 4
github.com/SOAT-Project/hackaton-soat-processor/internal/adapter/ffmpeg_processor.go:32.54,34.3 1 1
github.com/SOAT-Project/hackaton-soat-processor/internal/adapter/ffmpeg_processor.go:35.2,46.16 5 3
github.com/SOAT-Project/hackaton-soat-processor/internal/adapter/ffmpeg_processor.go:46.16,48.3 1 3
github.com/SOAT-Project/hackaton-soat-processor/internal/adapter/ffmpeg_processor.go:50.2,51.16 2 0
github.com/SOAT-Project/hackaton-soat-processor/internal/adapter/ffmpeg_processor.go:51.16,53.3 1 0
github.com/SOAT-Project/hackaton-soat-processor/internal/adapter/ffmpeg_processor.go:55.2,55.22 1 0
github.com/SOAT-Project/hackaton-soat-processor/internal/adapter/ffmpeg_processor.go:55.22,57.3 1 0
github.com/SOAT-Project/hackaton-soat-processor/internal/adapter/ffmpeg_processor.go:59.2,60.57 2 0
github.com/SOAT-Project/hackaton-soat-processor/internal/adapter/ffmpeg_processor.go:60.57,62.3 1 0
github.com/SOAT-Project/hackaton-soat-processor/internal/adapter/ffmpeg_processor.go:64.2,64.34 1 0
github.com/SOAT-Project/hackaton-soat-processor/internal/adapter/ffmpeg_processor.go:67.84,69.16 2 5
github.com/SOAT-Project/hackaton-soat-processor/internal/adapter/ffmpeg_processor.go:69.16,71.3 1 1
github.com/SOAT-Project/hackaton-soat-processor/internal/adapter/ffmpeg_processor.go:72.2,77.29 4 4
github.com/SOAT-Project/hackaton-soat-processor/internal/adapter/ffmpeg_processor.go:77.29,78.57 1 4
github.com/SOAT-Project/hackaton-soat-processor/internal/adapter/ffmpeg_processor.go:78.57,80.4 1 1
github.com/SOAT-Project/hackaton-soat-processor/internal/adapter/ffmpeg_processor.go:83.2,83.12 1 3
github.com/SOAT-Project/hackaton-soat-processor/internal/adapter/ffmpeg_processor.go:86.91,88.16 2 4
github.com/SOAT-Project/hackaton-soat-processor/internal/adapter/ffmpeg_processor.go:88.16,90.3 1 1
github.com/SOAT-Project/hackaton-soat-processor/internal/adapter/ffmpeg_processor.go:91.2,94.16 3 3
github.com/SOAT-Project/hackaton-soat-processor/internal/adapter/ffmpeg_processor.go:94.16,96.3 1 0
github.com/SOAT-Project/hackaton-soat-processor/internal/adapter/ffmpeg_processor.go:98.2,99.16 2 3
github.com/SOAT-Project/hackaton-soat-processor/internal/adapter/ffmpeg_processor.go:99.16,101.3 1 0
github.com/SOAT-Project/hackaton-soat-processor/internal/adapter/ffmpeg_processor.go:103.2,107.16 4 3
github.com/SOAT-Project/hackaton-soat-processor/internal/adapter/ffmpeg_processor.go:107.16,109.3 1 0
github.com/SOAT-Project/hackaton-soat-processor/internal/adapter/ffmpeg_processor.go:111.2,112.12 2 3
github.com/SOAT-Project/hackaton-soat-processor/internal/adapter/message_adapter.go:14.73,18.2 1 9
github.com/SOAT-Project/hackaton-soat-processor/internal/adapter/message_adapter.go:20.112,22.2 1 10
github.com/SOAT-Project/hackaton-soat-processor/internal/adapter/storage_adapter.go:15.73,19.2 1 8
github.com/SOAT-Project/hackaton-soat-processor/internal/adapter/storage_adapter.go:21.100,23.2 1 3
github.com/SOAT-Project/hackaton-soat-processor/internal/adapter/storage_adapter.go:25.109,27.2 1 3
github.com/SOAT-Project/hackaton-soat-processor/internal/adapter/storage_adapter.go:29.86,31.2 1 3
